<?xml version="1.0" encoding="UTF-8"?>
<testng-results ignored="0" total="12" passed="10" failed="0" skipped="2">
  <reporter-output>
  </reporter-output>
  <suite started-at="2024-06-04T11:26:43 IST" name="Suite" finished-at="2024-06-04T11:28:16 IST" duration-ms="93345">
    <groups>
      <group name="regressionTest">
        <method signature="create_Group_Module.DeleteGroupTest()[pri:0, instance:com.sinoka.groupmodule.create_Group_Module@40005471]" name="DeleteGroupTest" class="com.sinoka.groupmodule.create_Group_Module"/>
        <method signature="create_Group_Module.assignGroupPermissionTest()[pri:0, instance:com.sinoka.groupmodule.create_Group_Module@40005471]" name="assignGroupPermissionTest" class="com.sinoka.groupmodule.create_Group_Module"/>
        <method signature="create_User_Module.disableUser()[pri:0, instance:com.sinoka.usermodule.create_User_Module@55fe41ea]" name="disableUser" class="com.sinoka.usermodule.create_User_Module"/>
        <method signature="create_User_Module.mappingUserToGroupTest()[pri:0, instance:com.sinoka.usermodule.create_User_Module@55fe41ea]" name="mappingUserToGroupTest" class="com.sinoka.usermodule.create_User_Module"/>
        <method signature="create_Group_Module.DeleteGroupTest()[pri:0, instance:com.sinoka.groupmodule.create_Group_Module@33c911a1]" name="DeleteGroupTest" class="com.sinoka.groupmodule.create_Group_Module"/>
        <method signature="create_Group_Module.assignGroupPermissionTest()[pri:0, instance:com.sinoka.groupmodule.create_Group_Module@33c911a1]" name="assignGroupPermissionTest" class="com.sinoka.groupmodule.create_Group_Module"/>
        <method signature="create_User_Module.disableUser()[pri:0, instance:com.sinoka.usermodule.create_User_Module@75db5df9]" name="disableUser" class="com.sinoka.usermodule.create_User_Module"/>
        <method signature="create_User_Module.mappingUserToGroupTest()[pri:0, instance:com.sinoka.usermodule.create_User_Module@75db5df9]" name="mappingUserToGroupTest" class="com.sinoka.usermodule.create_User_Module"/>
      </group> <!-- regressionTest -->
      <group name="smokeTest">
        <method signature="create_Group_Module.createGroupTest()[pri:0, instance:com.sinoka.groupmodule.create_Group_Module@40005471]" name="createGroupTest" class="com.sinoka.groupmodule.create_Group_Module"/>
        <method signature="create_User_Module.createUserTest()[pri:0, instance:com.sinoka.usermodule.create_User_Module@55fe41ea]" name="createUserTest" class="com.sinoka.usermodule.create_User_Module"/>
        <method signature="create_Group_Module.createGroupTest()[pri:0, instance:com.sinoka.groupmodule.create_Group_Module@33c911a1]" name="createGroupTest" class="com.sinoka.groupmodule.create_Group_Module"/>
        <method signature="create_User_Module.createUserTest()[pri:0, instance:com.sinoka.usermodule.create_User_Module@75db5df9]" name="createUserTest" class="com.sinoka.usermodule.create_User_Module"/>
      </group> <!-- smokeTest -->
    </groups>
    <test started-at="2024-06-04T11:26:43 IST" name="Test1" finished-at="2024-06-04T11:27:33 IST" duration-ms="50185">
      <class name="com.sinoka.groupmodule.create_Group_Module">
        <test-method is-config="true" signature="configBc(java.lang.String)[pri:0, instance:com.sinoka.groupmodule.create_Group_Module@40005471]" started-at="2024-06-04T11:26:43 IST" name="configBc" finished-at="2024-06-04T11:26:46 IST" duration-ms="2711" status="PASS">
          <params>
            <param index="0">
              <value>
                <![CDATA[chrome]]>
              </value>
            </param>
          </params>
          <reporter-output>
          </reporter-output>
        </test-method> <!-- configBc -->
        <test-method is-config="true" signature="configBm()[pri:0, instance:com.sinoka.groupmodule.create_Group_Module@40005471]" started-at="2024-06-04T11:26:46 IST" name="configBm" finished-at="2024-06-04T11:26:48 IST" duration-ms="2211" status="PASS">
          <reporter-output>
          </reporter-output>
        </test-method> <!-- configBm -->
        <test-method signature="DeleteGroupTest()[pri:0, instance:com.sinoka.groupmodule.create_Group_Module@40005471]" started-at="2024-06-04T11:26:48 IST" name="DeleteGroupTest" finished-at="2024-06-04T11:26:50 IST" duration-ms="2373" status="PASS">
          <reporter-output>
          </reporter-output>
        </test-method> <!-- DeleteGroupTest -->
        <test-method is-config="true" signature="configAm()[pri:0, instance:com.sinoka.groupmodule.create_Group_Module@40005471]" started-at="2024-06-04T11:26:50 IST" name="configAm" finished-at="2024-06-04T11:26:51 IST" duration-ms="659" status="PASS">
          <reporter-output>
          </reporter-output>
        </test-method> <!-- configAm -->
        <test-method is-config="true" signature="configBm()[pri:0, instance:com.sinoka.groupmodule.create_Group_Module@40005471]" started-at="2024-06-04T11:26:51 IST" name="configBm" finished-at="2024-06-04T11:26:52 IST" duration-ms="769" status="PASS">
          <reporter-output>
          </reporter-output>
        </test-method> <!-- configBm -->
        <test-method signature="assignGroupPermissionTest()[pri:0, instance:com.sinoka.groupmodule.create_Group_Module@40005471]" started-at="2024-06-04T11:26:52 IST" name="assignGroupPermissionTest" finished-at="2024-06-04T11:26:56 IST" duration-ms="4432" status="PASS">
          <reporter-output>
          </reporter-output>
        </test-method> <!-- assignGroupPermissionTest -->
        <test-method is-config="true" signature="configAm()[pri:0, instance:com.sinoka.groupmodule.create_Group_Module@40005471]" started-at="2024-06-04T11:26:56 IST" name="configAm" finished-at="2024-06-04T11:26:57 IST" duration-ms="1096" status="PASS">
          <reporter-output>
          </reporter-output>
        </test-method> <!-- configAm -->
        <test-method is-config="true" signature="configBm()[pri:0, instance:com.sinoka.groupmodule.create_Group_Module@40005471]" started-at="2024-06-04T11:26:57 IST" name="configBm" finished-at="2024-06-04T11:26:59 IST" duration-ms="2108" status="PASS">
          <reporter-output>
          </reporter-output>
        </test-method> <!-- configBm -->
        <test-method signature="createGroupTest()[pri:0, instance:com.sinoka.groupmodule.create_Group_Module@40005471]" started-at="2024-06-04T11:26:59 IST" name="createGroupTest" finished-at="2024-06-04T11:27:04 IST" duration-ms="4267" status="PASS">
          <reporter-output>
          </reporter-output>
        </test-method> <!-- createGroupTest -->
        <test-method is-config="true" signature="configAm()[pri:0, instance:com.sinoka.groupmodule.create_Group_Module@40005471]" started-at="2024-06-04T11:27:04 IST" name="configAm" finished-at="2024-06-04T11:27:05 IST" duration-ms="1405" status="PASS">
          <reporter-output>
          </reporter-output>
        </test-method> <!-- configAm -->
        <test-method is-config="true" signature="configAc()[pri:0, instance:com.sinoka.groupmodule.create_Group_Module@40005471]" started-at="2024-06-04T11:27:05 IST" name="configAc" finished-at="2024-06-04T11:27:05 IST" duration-ms="70" status="PASS">
          <reporter-output>
          </reporter-output>
        </test-method> <!-- configAc -->
      </class> <!-- com.sinoka.groupmodule.create_Group_Module -->
      <class name="com.sinoka.usermodule.create_User_Module">
        <test-method is-config="true" signature="configBc(java.lang.String)[pri:0, instance:com.sinoka.usermodule.create_User_Module@55fe41ea]" started-at="2024-06-04T11:27:05 IST" name="configBc" finished-at="2024-06-04T11:27:06 IST" duration-ms="1406" status="PASS">
          <params>
            <param index="0">
              <value>
                <![CDATA[chrome]]>
              </value>
            </param>
          </params>
          <reporter-output>
          </reporter-output>
        </test-method> <!-- configBc -->
        <test-method is-config="true" signature="configBm()[pri:0, instance:com.sinoka.usermodule.create_User_Module@55fe41ea]" started-at="2024-06-04T11:27:06 IST" name="configBm" finished-at="2024-06-04T11:27:14 IST" duration-ms="7552" status="PASS">
          <reporter-output>
          </reporter-output>
        </test-method> <!-- configBm -->
        <test-method signature="createUserTest()[pri:0, instance:com.sinoka.usermodule.create_User_Module@55fe41ea]" started-at="2024-06-04T11:27:14 IST" name="createUserTest" finished-at="2024-06-04T11:27:16 IST" duration-ms="1964" status="PASS">
          <reporter-output>
          </reporter-output>
        </test-method> <!-- createUserTest -->
        <test-method is-config="true" signature="configAm()[pri:0, instance:com.sinoka.usermodule.create_User_Module@55fe41ea]" started-at="2024-06-04T11:27:16 IST" name="configAm" finished-at="2024-06-04T11:27:17 IST" duration-ms="1260" status="PASS">
          <reporter-output>
          </reporter-output>
        </test-method> <!-- configAm -->
        <test-method is-config="true" signature="configBm()[pri:0, instance:com.sinoka.usermodule.create_User_Module@55fe41ea]" started-at="2024-06-04T11:27:17 IST" name="configBm" finished-at="2024-06-04T11:27:18 IST" duration-ms="422" status="PASS">
          <reporter-output>
          </reporter-output>
        </test-method> <!-- configBm -->
        <test-method signature="disableUser()[pri:0, instance:com.sinoka.usermodule.create_User_Module@55fe41ea]" started-at="2024-06-04T11:27:18 IST" name="disableUser" finished-at="2024-06-04T11:27:22 IST" duration-ms="4050" status="PASS">
          <reporter-output>
          </reporter-output>
        </test-method> <!-- disableUser -->
        <test-method is-config="true" signature="configAm()[pri:0, instance:com.sinoka.usermodule.create_User_Module@55fe41ea]" started-at="2024-06-04T11:27:22 IST" name="configAm" finished-at="2024-06-04T11:27:23 IST" duration-ms="961" status="PASS">
          <reporter-output>
          </reporter-output>
        </test-method> <!-- configAm -->
        <test-method is-config="true" signature="configBm()[pri:0, instance:com.sinoka.usermodule.create_User_Module@55fe41ea]" started-at="2024-06-04T11:27:23 IST" name="configBm" finished-at="2024-06-04T11:27:24 IST" duration-ms="1257" status="PASS">
          <reporter-output>
          </reporter-output>
        </test-method> <!-- configBm -->
        <test-method signature="mappingUserToGroupTest()[pri:0, instance:com.sinoka.usermodule.create_User_Module@55fe41ea]" started-at="2024-06-04T11:27:24 IST" name="mappingUserToGroupTest" finished-at="2024-06-04T11:27:32 IST" duration-ms="8350" status="PASS">
          <reporter-output>
          </reporter-output>
        </test-method> <!-- mappingUserToGroupTest -->
        <test-method is-config="true" signature="configAm()[pri:0, instance:com.sinoka.usermodule.create_User_Module@55fe41ea]" started-at="2024-06-04T11:27:32 IST" name="configAm" finished-at="2024-06-04T11:27:33 IST" duration-ms="535" status="PASS">
          <reporter-output>
          </reporter-output>
        </test-method> <!-- configAm -->
        <test-method is-config="true" signature="configAc()[pri:0, instance:com.sinoka.usermodule.create_User_Module@55fe41ea]" started-at="2024-06-04T11:27:33 IST" name="configAc" finished-at="2024-06-04T11:27:33 IST" duration-ms="256" status="PASS">
          <reporter-output>
          </reporter-output>
        </test-method> <!-- configAc -->
      </class> <!-- com.sinoka.usermodule.create_User_Module -->
    </test> <!-- Test1 -->
    <test started-at="2024-06-04T11:26:43 IST" name="Test2" finished-at="2024-06-04T11:28:16 IST" duration-ms="93345">
      <class name="com.sinoka.groupmodule.create_Group_Module">
        <test-method is-config="true" signature="configBs()[pri:0, instance:com.sinoka.groupmodule.create_Group_Module@33c911a1]" started-at="2024-06-04T11:26:43 IST" name="configBs" finished-at="2024-06-04T11:26:43 IST" duration-ms="202" status="PASS">
          <reporter-output>
          </reporter-output>
        </test-method> <!-- configBs -->
        <test-method is-config="true" signature="configBc(java.lang.String)[pri:0, instance:com.sinoka.groupmodule.create_Group_Module@33c911a1]" started-at="2024-06-04T11:26:43 IST" name="configBc" finished-at="2024-06-04T11:27:48 IST" duration-ms="65387" status="PASS">
          <params>
            <param index="0">
              <value>
                <![CDATA[firefox]]>
              </value>
            </param>
          </params>
          <reporter-output>
          </reporter-output>
        </test-method> <!-- configBc -->
        <test-method is-config="true" signature="configBm()[pri:0, instance:com.sinoka.groupmodule.create_Group_Module@33c911a1]" started-at="2024-06-04T11:27:48 IST" name="configBm" finished-at="2024-06-04T11:27:53 IST" duration-ms="5038" status="PASS">
          <reporter-output>
          </reporter-output>
        </test-method> <!-- configBm -->
        <test-method signature="DeleteGroupTest()[pri:0, instance:com.sinoka.groupmodule.create_Group_Module@33c911a1]" started-at="2024-06-04T11:27:53 IST" name="DeleteGroupTest" finished-at="2024-06-04T11:27:56 IST" duration-ms="2979" status="PASS">
          <reporter-output>
          </reporter-output>
        </test-method> <!-- DeleteGroupTest -->
        <test-method is-config="true" signature="configAm()[pri:0, instance:com.sinoka.groupmodule.create_Group_Module@33c911a1]" started-at="2024-06-04T11:27:56 IST" name="configAm" finished-at="2024-06-04T11:27:57 IST" duration-ms="529" status="PASS">
          <reporter-output>
          </reporter-output>
        </test-method> <!-- configAm -->
        <test-method is-config="true" signature="configBm()[pri:0, instance:com.sinoka.groupmodule.create_Group_Module@33c911a1]" started-at="2024-06-04T11:27:57 IST" name="configBm" finished-at="2024-06-04T11:27:58 IST" duration-ms="907" status="PASS">
          <reporter-output>
          </reporter-output>
        </test-method> <!-- configBm -->
        <test-method signature="assignGroupPermissionTest()[pri:0, instance:com.sinoka.groupmodule.create_Group_Module@33c911a1]" started-at="2024-06-04T11:27:58 IST" name="assignGroupPermissionTest" finished-at="2024-06-04T11:28:00 IST" duration-ms="2361" status="PASS">
          <reporter-output>
          </reporter-output>
        </test-method> <!-- assignGroupPermissionTest -->
        <test-method is-config="true" signature="configAm()[pri:0, instance:com.sinoka.groupmodule.create_Group_Module@33c911a1]" started-at="2024-06-04T11:28:00 IST" name="configAm" finished-at="2024-06-04T11:28:01 IST" duration-ms="516" status="PASS">
          <reporter-output>
          </reporter-output>
        </test-method> <!-- configAm -->
        <test-method is-config="true" signature="configBm()[pri:0, instance:com.sinoka.groupmodule.create_Group_Module@33c911a1]" started-at="2024-06-04T11:28:01 IST" name="configBm" finished-at="2024-06-04T11:28:01 IST" duration-ms="720" status="PASS">
          <reporter-output>
          </reporter-output>
        </test-method> <!-- configBm -->
        <test-method signature="createGroupTest()[pri:0, instance:com.sinoka.groupmodule.create_Group_Module@33c911a1]" started-at="2024-06-04T11:28:01 IST" name="createGroupTest" finished-at="2024-06-04T11:28:03 IST" duration-ms="1342" status="PASS">
          <reporter-output>
          </reporter-output>
        </test-method> <!-- createGroupTest -->
        <test-method is-config="true" signature="configAm()[pri:0, instance:com.sinoka.groupmodule.create_Group_Module@33c911a1]" started-at="2024-06-04T11:28:03 IST" name="configAm" finished-at="2024-06-04T11:28:03 IST" duration-ms="589" status="PASS">
          <reporter-output>
          </reporter-output>
        </test-method> <!-- configAm -->
        <test-method is-config="true" signature="configAc()[pri:0, instance:com.sinoka.groupmodule.create_Group_Module@33c911a1]" started-at="2024-06-04T11:28:03 IST" name="configAc" finished-at="2024-06-04T11:28:05 IST" duration-ms="1712" status="PASS">
          <reporter-output>
          </reporter-output>
        </test-method> <!-- configAc -->
        <test-method is-config="true" signature="configAs()[pri:0, instance:com.sinoka.groupmodule.create_Group_Module@33c911a1]" started-at="2024-06-04T11:28:16 IST" name="configAs" finished-at="2024-06-04T11:28:16 IST" duration-ms="7" status="PASS">
          <reporter-output>
          </reporter-output>
        </test-method> <!-- configAs -->
      </class> <!-- com.sinoka.groupmodule.create_Group_Module -->
      <class name="com.sinoka.usermodule.create_User_Module">
        <test-method is-config="true" signature="configBc(java.lang.String)[pri:0, instance:com.sinoka.usermodule.create_User_Module@75db5df9]" started-at="2024-06-04T11:28:05 IST" name="configBc" finished-at="2024-06-04T11:28:10 IST" duration-ms="5031" status="PASS">
          <params>
            <param index="0">
              <value>
                <![CDATA[firefox]]>
              </value>
            </param>
          </params>
          <reporter-output>
          </reporter-output>
        </test-method> <!-- configBc -->
        <test-method is-config="true" signature="configBm()[pri:0, instance:com.sinoka.usermodule.create_User_Module@75db5df9]" started-at="2024-06-04T11:28:10 IST" name="configBm" finished-at="2024-06-04T11:28:12 IST" duration-ms="1907" status="PASS">
          <reporter-output>
          </reporter-output>
        </test-method> <!-- configBm -->
        <test-method signature="createUserTest()[pri:0, instance:com.sinoka.usermodule.create_User_Module@75db5df9]" started-at="2024-06-04T11:28:12 IST" name="createUserTest" finished-at="2024-06-04T11:28:16 IST" duration-ms="4242" status="PASS">
          <reporter-output>
          </reporter-output>
        </test-method> <!-- createUserTest -->
        <test-method is-config="true" signature="configAm()[pri:0, instance:com.sinoka.usermodule.create_User_Module@75db5df9]" started-at="2024-06-04T11:28:16 IST" name="configAm" finished-at="2024-06-04T11:28:16 IST" duration-ms="23" status="FAIL">
          <exception class="org.openqa.selenium.ElementClickInterceptedException">
            <message>
              <![CDATA[Element <span class="hidden-xs maxwidth200 atoploginusername hideonsmartphone paddingleft"> is not clickable at point (1230,26) because another element <div> obscures it
Build info: version: '4.13.0', revision: 'ba948ece5b*'
System info: os.name: 'Windows 11', os.arch: 'amd64', os.version: '10.0', java.version: '19.0.2'
Driver info: org.openqa.selenium.firefox.FirefoxDriver
Command: [3d2c631f-aa9e-4d39-a16d-df8db069f892, clickElement {id=f4ff28fc-b792-405f-9bbc-7b4a82e2832d}]
Capabilities {acceptInsecureCerts: true, browserName: firefox, browserVersion: 126.0.1, moz:accessibilityChecks: false, moz:buildID: 20240526221752, moz:debuggerAddress: 127.0.0.1:39620, moz:geckodriverVersion: 0.34.0, moz:headless: false, moz:platformVersion: 10.0, moz:processID: 48860, moz:profile: C:\Users\praje\AppData\Loca..., moz:shutdownTimeout: 60000, moz:webdriverClick: true, moz:windowless: false, pageLoadStrategy: normal, platformName: windows, proxy: Proxy(), se:cdp: ws://127.0.0.1:39620/devtoo..., se:cdpVersion: 85.0, setWindowRect: true, strictFileInteractability: false, timeouts: {implicit: 0, pageLoad: 300000, script: 30000}, unhandledPromptBehavior: dismiss and notify, userAgent: Mozilla/5.0 (Windows NT 10....}
Element: [[FirefoxDriver: firefox on windows (3d2c631f-aa9e-4d39-a16d-df8db069f892)] -> xpath: //span[text()='admin']]
Session ID: 3d2c631f-aa9e-4d39-a16d-df8db069f892]]>
            </message>
            <full-stacktrace>
              <![CDATA[org.openqa.selenium.ElementClickInterceptedException: Element <span class="hidden-xs maxwidth200 atoploginusername hideonsmartphone paddingleft"> is not clickable at point (1230,26) because another element <div> obscures it
Build info: version: '4.13.0', revision: 'ba948ece5b*'
System info: os.name: 'Windows 11', os.arch: 'amd64', os.version: '10.0', java.version: '19.0.2'
Driver info: org.openqa.selenium.firefox.FirefoxDriver
Command: [3d2c631f-aa9e-4d39-a16d-df8db069f892, clickElement {id=f4ff28fc-b792-405f-9bbc-7b4a82e2832d}]
Capabilities {acceptInsecureCerts: true, browserName: firefox, browserVersion: 126.0.1, moz:accessibilityChecks: false, moz:buildID: 20240526221752, moz:debuggerAddress: 127.0.0.1:39620, moz:geckodriverVersion: 0.34.0, moz:headless: false, moz:platformVersion: 10.0, moz:processID: 48860, moz:profile: C:\Users\praje\AppData\Loca..., moz:shutdownTimeout: 60000, moz:webdriverClick: true, moz:windowless: false, pageLoadStrategy: normal, platformName: windows, proxy: Proxy(), se:cdp: ws://127.0.0.1:39620/devtoo..., se:cdpVersion: 85.0, setWindowRect: true, strictFileInteractability: false, timeouts: {implicit: 0, pageLoad: 300000, script: 30000}, unhandledPromptBehavior: dismiss and notify, userAgent: Mozilla/5.0 (Windows NT 10....}
Element: [[FirefoxDriver: firefox on windows (3d2c631f-aa9e-4d39-a16d-df8db069f892)] -> xpath: //span[text()='admin']]
Session ID: 3d2c631f-aa9e-4d39-a16d-df8db069f892
at java.base/jdk.internal.reflect.DirectConstructorHandleAccessor.newInstance(DirectConstructorHandleAccessor.java:67)
at java.base/java.lang.reflect.Constructor.newInstanceWithCaller(Constructor.java:500)
at java.base/java.lang.reflect.Constructor.newInstance(Constructor.java:484)
at org.openqa.selenium.remote.codec.w3c.W3CHttpResponseCodec.createException(W3CHttpResponseCodec.java:200)
at org.openqa.selenium.remote.codec.w3c.W3CHttpResponseCodec.decode(W3CHttpResponseCodec.java:133)
at org.openqa.selenium.remote.codec.w3c.W3CHttpResponseCodec.decode(W3CHttpResponseCodec.java:52)
at org.openqa.selenium.remote.HttpCommandExecutor.execute(HttpCommandExecutor.java:191)
at org.openqa.selenium.remote.service.DriverCommandExecutor.invokeExecute(DriverCommandExecutor.java:196)
at org.openqa.selenium.remote.service.DriverCommandExecutor.execute(DriverCommandExecutor.java:171)
at org.openqa.selenium.remote.RemoteWebDriver.execute(RemoteWebDriver.java:602)
at org.openqa.selenium.remote.RemoteWebElement.execute(RemoteWebElement.java:224)
at org.openqa.selenium.remote.RemoteWebElement.click(RemoteWebElement.java:77)
at java.base/jdk.internal.reflect.DirectMethodHandleAccessor.invoke(DirectMethodHandleAccessor.java:104)
at java.base/java.lang.reflect.Method.invoke(Method.java:578)
at org.openqa.selenium.support.pagefactory.internal.LocatingElementHandler.invoke(LocatingElementHandler.java:51)
at jdk.proxy2/jdk.proxy2.$Proxy21.click(Unknown Source)
at com.sinoka.erp.generic.baseutility.BaseClass.configAm(BaseClass.java:95)
at java.base/jdk.internal.reflect.DirectMethodHandleAccessor.invoke(DirectMethodHandleAccessor.java:104)
at java.base/java.lang.reflect.Method.invoke(Method.java:578)
at org.testng.internal.invokers.MethodInvocationHelper.invokeMethod(MethodInvocationHelper.java:141)
at org.testng.internal.invokers.MethodInvocationHelper.invokeMethodConsideringTimeout(MethodInvocationHelper.java:71)
at org.testng.internal.invokers.ConfigInvoker.invokeConfigurationMethod(ConfigInvoker.java:400)
at org.testng.internal.invokers.ConfigInvoker.invokeConfigurations(ConfigInvoker.java:333)
at org.testng.internal.invokers.TestInvoker.runConfigMethods(TestInvoker.java:833)
at org.testng.internal.invokers.TestInvoker.runAfterConfigurations(TestInvoker.java:802)
at org.testng.internal.invokers.TestInvoker.invokeMethod(TestInvoker.java:778)
at org.testng.internal.invokers.TestInvoker.invokeTestMethod(TestInvoker.java:230)
at org.testng.internal.invokers.MethodRunner.runInSequence(MethodRunner.java:63)
at org.testng.internal.invokers.TestInvoker$MethodInvocationAgent.invoke(TestInvoker.java:992)
at org.testng.internal.invokers.TestInvoker.invokeTestMethods(TestInvoker.java:203)
at org.testng.internal.invokers.TestMethodWorker.invokeTestMethods(TestMethodWorker.java:154)
at org.testng.internal.invokers.TestMethodWorker.run(TestMethodWorker.java:134)
at java.base/java.util.ArrayList.forEach(ArrayList.java:1511)
at org.testng.TestRunner.privateRun(TestRunner.java:739)
at org.testng.TestRunner.run(TestRunner.java:614)
at org.testng.SuiteRunner.runTest(SuiteRunner.java:421)
at org.testng.SuiteRunner$SuiteWorker.run(SuiteRunner.java:463)
at org.testng.internal.thread.ThreadUtil.lambda$execute$0(ThreadUtil.java:64)
at java.base/java.util.concurrent.FutureTask.run(FutureTask.java:317)
at java.base/java.util.concurrent.ThreadPoolExecutor.runWorker(ThreadPoolExecutor.java:1144)
at java.base/java.util.concurrent.ThreadPoolExecutor$Worker.run(ThreadPoolExecutor.java:642)
at java.base/java.lang.Thread.run(Thread.java:1589)
]]>
            </full-stacktrace>
          </exception> <!-- org.openqa.selenium.ElementClickInterceptedException -->
          <reporter-output>
          </reporter-output>
        </test-method> <!-- configAm -->
        <test-method is-config="true" signature="configBm()[pri:0, instance:com.sinoka.usermodule.create_User_Module@75db5df9]" started-at="2024-06-04T11:28:16 IST" name="configBm" finished-at="2024-06-04T11:28:16 IST" duration-ms="0" status="SKIP">
          <reporter-output>
          </reporter-output>
        </test-method> <!-- configBm -->
        <test-method signature="disableUser()[pri:0, instance:com.sinoka.usermodule.create_User_Module@75db5df9]" started-at="2024-06-04T11:28:16 IST" name="disableUser" finished-at="2024-06-04T11:28:16 IST" duration-ms="0" status="SKIP">
          <exception class="org.openqa.selenium.ElementClickInterceptedException">
            <message>
              <![CDATA[Element <span class="hidden-xs maxwidth200 atoploginusername hideonsmartphone paddingleft"> is not clickable at point (1230,26) because another element <div> obscures it
Build info: version: '4.13.0', revision: 'ba948ece5b*'
System info: os.name: 'Windows 11', os.arch: 'amd64', os.version: '10.0', java.version: '19.0.2'
Driver info: org.openqa.selenium.firefox.FirefoxDriver
Command: [3d2c631f-aa9e-4d39-a16d-df8db069f892, clickElement {id=f4ff28fc-b792-405f-9bbc-7b4a82e2832d}]
Capabilities {acceptInsecureCerts: true, browserName: firefox, browserVersion: 126.0.1, moz:accessibilityChecks: false, moz:buildID: 20240526221752, moz:debuggerAddress: 127.0.0.1:39620, moz:geckodriverVersion: 0.34.0, moz:headless: false, moz:platformVersion: 10.0, moz:processID: 48860, moz:profile: C:\Users\praje\AppData\Loca..., moz:shutdownTimeout: 60000, moz:webdriverClick: true, moz:windowless: false, pageLoadStrategy: normal, platformName: windows, proxy: Proxy(), se:cdp: ws://127.0.0.1:39620/devtoo..., se:cdpVersion: 85.0, setWindowRect: true, strictFileInteractability: false, timeouts: {implicit: 0, pageLoad: 300000, script: 30000}, unhandledPromptBehavior: dismiss and notify, userAgent: Mozilla/5.0 (Windows NT 10....}
Element: [[FirefoxDriver: firefox on windows (3d2c631f-aa9e-4d39-a16d-df8db069f892)] -> xpath: //span[text()='admin']]
Session ID: 3d2c631f-aa9e-4d39-a16d-df8db069f892]]>
            </message>
            <full-stacktrace>
              <![CDATA[org.openqa.selenium.ElementClickInterceptedException: Element <span class="hidden-xs maxwidth200 atoploginusername hideonsmartphone paddingleft"> is not clickable at point (1230,26) because another element <div> obscures it
Build info: version: '4.13.0', revision: 'ba948ece5b*'
System info: os.name: 'Windows 11', os.arch: 'amd64', os.version: '10.0', java.version: '19.0.2'
Driver info: org.openqa.selenium.firefox.FirefoxDriver
Command: [3d2c631f-aa9e-4d39-a16d-df8db069f892, clickElement {id=f4ff28fc-b792-405f-9bbc-7b4a82e2832d}]
Capabilities {acceptInsecureCerts: true, browserName: firefox, browserVersion: 126.0.1, moz:accessibilityChecks: false, moz:buildID: 20240526221752, moz:debuggerAddress: 127.0.0.1:39620, moz:geckodriverVersion: 0.34.0, moz:headless: false, moz:platformVersion: 10.0, moz:processID: 48860, moz:profile: C:\Users\praje\AppData\Loca..., moz:shutdownTimeout: 60000, moz:webdriverClick: true, moz:windowless: false, pageLoadStrategy: normal, platformName: windows, proxy: Proxy(), se:cdp: ws://127.0.0.1:39620/devtoo..., se:cdpVersion: 85.0, setWindowRect: true, strictFileInteractability: false, timeouts: {implicit: 0, pageLoad: 300000, script: 30000}, unhandledPromptBehavior: dismiss and notify, userAgent: Mozilla/5.0 (Windows NT 10....}
Element: [[FirefoxDriver: firefox on windows (3d2c631f-aa9e-4d39-a16d-df8db069f892)] -> xpath: //span[text()='admin']]
Session ID: 3d2c631f-aa9e-4d39-a16d-df8db069f892
at java.base/jdk.internal.reflect.DirectConstructorHandleAccessor.newInstance(DirectConstructorHandleAccessor.java:67)
at java.base/java.lang.reflect.Constructor.newInstanceWithCaller(Constructor.java:500)
at java.base/java.lang.reflect.Constructor.newInstance(Constructor.java:484)
at org.openqa.selenium.remote.codec.w3c.W3CHttpResponseCodec.createException(W3CHttpResponseCodec.java:200)
at org.openqa.selenium.remote.codec.w3c.W3CHttpResponseCodec.decode(W3CHttpResponseCodec.java:133)
at org.openqa.selenium.remote.codec.w3c.W3CHttpResponseCodec.decode(W3CHttpResponseCodec.java:52)
at org.openqa.selenium.remote.HttpCommandExecutor.execute(HttpCommandExecutor.java:191)
at org.openqa.selenium.remote.service.DriverCommandExecutor.invokeExecute(DriverCommandExecutor.java:196)
at org.openqa.selenium.remote.service.DriverCommandExecutor.execute(DriverCommandExecutor.java:171)
at org.openqa.selenium.remote.RemoteWebDriver.execute(RemoteWebDriver.java:602)
at org.openqa.selenium.remote.RemoteWebElement.execute(RemoteWebElement.java:224)
at org.openqa.selenium.remote.RemoteWebElement.click(RemoteWebElement.java:77)
at java.base/jdk.internal.reflect.DirectMethodHandleAccessor.invoke(DirectMethodHandleAccessor.java:104)
at java.base/java.lang.reflect.Method.invoke(Method.java:578)
at org.openqa.selenium.support.pagefactory.internal.LocatingElementHandler.invoke(LocatingElementHandler.java:51)
at jdk.proxy2/jdk.proxy2.$Proxy21.click(Unknown Source)
at com.sinoka.erp.generic.baseutility.BaseClass.configAm(BaseClass.java:95)
at java.base/jdk.internal.reflect.DirectMethodHandleAccessor.invoke(DirectMethodHandleAccessor.java:104)
at java.base/java.lang.reflect.Method.invoke(Method.java:578)
at org.testng.internal.invokers.MethodInvocationHelper.invokeMethod(MethodInvocationHelper.java:141)
at org.testng.internal.invokers.MethodInvocationHelper.invokeMethodConsideringTimeout(MethodInvocationHelper.java:71)
at org.testng.internal.invokers.ConfigInvoker.invokeConfigurationMethod(ConfigInvoker.java:400)
at org.testng.internal.invokers.ConfigInvoker.invokeConfigurations(ConfigInvoker.java:333)
at org.testng.internal.invokers.TestInvoker.runConfigMethods(TestInvoker.java:833)
at org.testng.internal.invokers.TestInvoker.runAfterConfigurations(TestInvoker.java:802)
at org.testng.internal.invokers.TestInvoker.invokeMethod(TestInvoker.java:778)
at org.testng.internal.invokers.TestInvoker.invokeTestMethod(TestInvoker.java:230)
at org.testng.internal.invokers.MethodRunner.runInSequence(MethodRunner.java:63)
at org.testng.internal.invokers.TestInvoker$MethodInvocationAgent.invoke(TestInvoker.java:992)
at org.testng.internal.invokers.TestInvoker.invokeTestMethods(TestInvoker.java:203)
at org.testng.internal.invokers.TestMethodWorker.invokeTestMethods(TestMethodWorker.java:154)
at org.testng.internal.invokers.TestMethodWorker.run(TestMethodWorker.java:134)
at java.base/java.util.ArrayList.forEach(ArrayList.java:1511)
at org.testng.TestRunner.privateRun(TestRunner.java:739)
at org.testng.TestRunner.run(TestRunner.java:614)
at org.testng.SuiteRunner.runTest(SuiteRunner.java:421)
at org.testng.SuiteRunner$SuiteWorker.run(SuiteRunner.java:463)
at org.testng.internal.thread.ThreadUtil.lambda$execute$0(ThreadUtil.java:64)
at java.base/java.util.concurrent.FutureTask.run(FutureTask.java:317)
at java.base/java.util.concurrent.ThreadPoolExecutor.runWorker(ThreadPoolExecutor.java:1144)
at java.base/java.util.concurrent.ThreadPoolExecutor$Worker.run(ThreadPoolExecutor.java:642)
at java.base/java.lang.Thread.run(Thread.java:1589)
]]>
            </full-stacktrace>
          </exception> <!-- org.openqa.selenium.ElementClickInterceptedException -->
          <reporter-output>
          </reporter-output>
        </test-method> <!-- disableUser -->
        <test-method is-config="true" signature="configAm()[pri:0, instance:com.sinoka.usermodule.create_User_Module@75db5df9]" started-at="2024-06-04T11:28:16 IST" name="configAm" finished-at="2024-06-04T11:28:16 IST" duration-ms="0" status="SKIP">
          <reporter-output>
          </reporter-output>
        </test-method> <!-- configAm -->
        <test-method is-config="true" signature="configBm()[pri:0, instance:com.sinoka.usermodule.create_User_Module@75db5df9]" started-at="2024-06-04T11:28:16 IST" name="configBm" finished-at="2024-06-04T11:28:16 IST" duration-ms="0" status="SKIP">
          <reporter-output>
          </reporter-output>
        </test-method> <!-- configBm -->
        <test-method signature="mappingUserToGroupTest()[pri:0, instance:com.sinoka.usermodule.create_User_Module@75db5df9]" started-at="2024-06-04T11:28:16 IST" name="mappingUserToGroupTest" finished-at="2024-06-04T11:28:16 IST" duration-ms="0" status="SKIP">
          <exception class="org.openqa.selenium.ElementClickInterceptedException">
            <message>
              <![CDATA[Element <span class="hidden-xs maxwidth200 atoploginusername hideonsmartphone paddingleft"> is not clickable at point (1230,26) because another element <div> obscures it
Build info: version: '4.13.0', revision: 'ba948ece5b*'
System info: os.name: 'Windows 11', os.arch: 'amd64', os.version: '10.0', java.version: '19.0.2'
Driver info: org.openqa.selenium.firefox.FirefoxDriver
Command: [3d2c631f-aa9e-4d39-a16d-df8db069f892, clickElement {id=f4ff28fc-b792-405f-9bbc-7b4a82e2832d}]
Capabilities {acceptInsecureCerts: true, browserName: firefox, browserVersion: 126.0.1, moz:accessibilityChecks: false, moz:buildID: 20240526221752, moz:debuggerAddress: 127.0.0.1:39620, moz:geckodriverVersion: 0.34.0, moz:headless: false, moz:platformVersion: 10.0, moz:processID: 48860, moz:profile: C:\Users\praje\AppData\Loca..., moz:shutdownTimeout: 60000, moz:webdriverClick: true, moz:windowless: false, pageLoadStrategy: normal, platformName: windows, proxy: Proxy(), se:cdp: ws://127.0.0.1:39620/devtoo..., se:cdpVersion: 85.0, setWindowRect: true, strictFileInteractability: false, timeouts: {implicit: 0, pageLoad: 300000, script: 30000}, unhandledPromptBehavior: dismiss and notify, userAgent: Mozilla/5.0 (Windows NT 10....}
Element: [[FirefoxDriver: firefox on windows (3d2c631f-aa9e-4d39-a16d-df8db069f892)] -> xpath: //span[text()='admin']]
Session ID: 3d2c631f-aa9e-4d39-a16d-df8db069f892]]>
            </message>
            <full-stacktrace>
              <![CDATA[org.openqa.selenium.ElementClickInterceptedException: Element <span class="hidden-xs maxwidth200 atoploginusername hideonsmartphone paddingleft"> is not clickable at point (1230,26) because another element <div> obscures it
Build info: version: '4.13.0', revision: 'ba948ece5b*'
System info: os.name: 'Windows 11', os.arch: 'amd64', os.version: '10.0', java.version: '19.0.2'
Driver info: org.openqa.selenium.firefox.FirefoxDriver
Command: [3d2c631f-aa9e-4d39-a16d-df8db069f892, clickElement {id=f4ff28fc-b792-405f-9bbc-7b4a82e2832d}]
Capabilities {acceptInsecureCerts: true, browserName: firefox, browserVersion: 126.0.1, moz:accessibilityChecks: false, moz:buildID: 20240526221752, moz:debuggerAddress: 127.0.0.1:39620, moz:geckodriverVersion: 0.34.0, moz:headless: false, moz:platformVersion: 10.0, moz:processID: 48860, moz:profile: C:\Users\praje\AppData\Loca..., moz:shutdownTimeout: 60000, moz:webdriverClick: true, moz:windowless: false, pageLoadStrategy: normal, platformName: windows, proxy: Proxy(), se:cdp: ws://127.0.0.1:39620/devtoo..., se:cdpVersion: 85.0, setWindowRect: true, strictFileInteractability: false, timeouts: {implicit: 0, pageLoad: 300000, script: 30000}, unhandledPromptBehavior: dismiss and notify, userAgent: Mozilla/5.0 (Windows NT 10....}
Element: [[FirefoxDriver: firefox on windows (3d2c631f-aa9e-4d39-a16d-df8db069f892)] -> xpath: //span[text()='admin']]
Session ID: 3d2c631f-aa9e-4d39-a16d-df8db069f892
at java.base/jdk.internal.reflect.DirectConstructorHandleAccessor.newInstance(DirectConstructorHandleAccessor.java:67)
at java.base/java.lang.reflect.Constructor.newInstanceWithCaller(Constructor.java:500)
at java.base/java.lang.reflect.Constructor.newInstance(Constructor.java:484)
at org.openqa.selenium.remote.codec.w3c.W3CHttpResponseCodec.createException(W3CHttpResponseCodec.java:200)
at org.openqa.selenium.remote.codec.w3c.W3CHttpResponseCodec.decode(W3CHttpResponseCodec.java:133)
at org.openqa.selenium.remote.codec.w3c.W3CHttpResponseCodec.decode(W3CHttpResponseCodec.java:52)
at org.openqa.selenium.remote.HttpCommandExecutor.execute(HttpCommandExecutor.java:191)
at org.openqa.selenium.remote.service.DriverCommandExecutor.invokeExecute(DriverCommandExecutor.java:196)
at org.openqa.selenium.remote.service.DriverCommandExecutor.execute(DriverCommandExecutor.java:171)
at org.openqa.selenium.remote.RemoteWebDriver.execute(RemoteWebDriver.java:602)
at org.openqa.selenium.remote.RemoteWebElement.execute(RemoteWebElement.java:224)
at org.openqa.selenium.remote.RemoteWebElement.click(RemoteWebElement.java:77)
at java.base/jdk.internal.reflect.DirectMethodHandleAccessor.invoke(DirectMethodHandleAccessor.java:104)
at java.base/java.lang.reflect.Method.invoke(Method.java:578)
at org.openqa.selenium.support.pagefactory.internal.LocatingElementHandler.invoke(LocatingElementHandler.java:51)
at jdk.proxy2/jdk.proxy2.$Proxy21.click(Unknown Source)
at com.sinoka.erp.generic.baseutility.BaseClass.configAm(BaseClass.java:95)
at java.base/jdk.internal.reflect.DirectMethodHandleAccessor.invoke(DirectMethodHandleAccessor.java:104)
at java.base/java.lang.reflect.Method.invoke(Method.java:578)
at org.testng.internal.invokers.MethodInvocationHelper.invokeMethod(MethodInvocationHelper.java:141)
at org.testng.internal.invokers.MethodInvocationHelper.invokeMethodConsideringTimeout(MethodInvocationHelper.java:71)
at org.testng.internal.invokers.ConfigInvoker.invokeConfigurationMethod(ConfigInvoker.java:400)
at org.testng.internal.invokers.ConfigInvoker.invokeConfigurations(ConfigInvoker.java:333)
at org.testng.internal.invokers.TestInvoker.runConfigMethods(TestInvoker.java:833)
at org.testng.internal.invokers.TestInvoker.runAfterConfigurations(TestInvoker.java:802)
at org.testng.internal.invokers.TestInvoker.invokeMethod(TestInvoker.java:778)
at org.testng.internal.invokers.TestInvoker.invokeTestMethod(TestInvoker.java:230)
at org.testng.internal.invokers.MethodRunner.runInSequence(MethodRunner.java:63)
at org.testng.internal.invokers.TestInvoker$MethodInvocationAgent.invoke(TestInvoker.java:992)
at org.testng.internal.invokers.TestInvoker.invokeTestMethods(TestInvoker.java:203)
at org.testng.internal.invokers.TestMethodWorker.invokeTestMethods(TestMethodWorker.java:154)
at org.testng.internal.invokers.TestMethodWorker.run(TestMethodWorker.java:134)
at java.base/java.util.ArrayList.forEach(ArrayList.java:1511)
at org.testng.TestRunner.privateRun(TestRunner.java:739)
at org.testng.TestRunner.run(TestRunner.java:614)
at org.testng.SuiteRunner.runTest(SuiteRunner.java:421)
at org.testng.SuiteRunner$SuiteWorker.run(SuiteRunner.java:463)
at org.testng.internal.thread.ThreadUtil.lambda$execute$0(ThreadUtil.java:64)
at java.base/java.util.concurrent.FutureTask.run(FutureTask.java:317)
at java.base/java.util.concurrent.ThreadPoolExecutor.runWorker(ThreadPoolExecutor.java:1144)
at java.base/java.util.concurrent.ThreadPoolExecutor$Worker.run(ThreadPoolExecutor.java:642)
at java.base/java.lang.Thread.run(Thread.java:1589)
]]>
            </full-stacktrace>
          </exception> <!-- org.openqa.selenium.ElementClickInterceptedException -->
          <reporter-output>
          </reporter-output>
        </test-method> <!-- mappingUserToGroupTest -->
        <test-method is-config="true" signature="configAm()[pri:0, instance:com.sinoka.usermodule.create_User_Module@75db5df9]" started-at="2024-06-04T11:28:16 IST" name="configAm" finished-at="2024-06-04T11:28:16 IST" duration-ms="0" status="SKIP">
          <reporter-output>
          </reporter-output>
        </test-method> <!-- configAm -->
        <test-method is-config="true" signature="configAc()[pri:0, instance:com.sinoka.usermodule.create_User_Module@75db5df9]" started-at="2024-06-04T11:28:16 IST" name="configAc" finished-at="2024-06-04T11:28:16 IST" duration-ms="0" status="SKIP">
          <reporter-output>
          </reporter-output>
        </test-method> <!-- configAc -->
      </class> <!-- com.sinoka.usermodule.create_User_Module -->
    </test> <!-- Test2 -->
  </suite> <!-- Suite -->
</testng-results>
